<?xml version="1.0" encoding="UTF-8"?>
<!-- Generated by org.testng.reporters.JUnitReportReporter -->
<testsuite hostname="Dell-Inspiron-5570" failures="0" tests="2" name="udemy.ValidateTitle" time="0.108" errors="0" timestamp="2019-11-20T21:17:04 CET" skipped="0">
  <testcase classname="udemy.ValidateTitle" name="validateHeader" time="0.060"/>
  <testcase classname="udemy.ValidateTitle" name="validateTitleTest" time="0.048"/>
</testsuite> <!-- udemy.ValidateTitle -->
