<?xml version="1.0" encoding="UTF-8"?>
<!-- Generated by org.testng.reporters.JUnitReportReporter -->
<testsuite hostname="Dell-Inspiron-5570" failures="0" tests="1" name="udemy.ValidateNavBar" time="0.096" errors="0" timestamp="2019-11-20T21:17:04 CET" skipped="0">
  <testcase classname="udemy.ValidateNavBar" name="validateNavBarTest" time="0.096"/>
</testsuite> <!-- udemy.ValidateNavBar -->
