<?xml version="1.0" encoding="UTF-8"?>
<!-- Generated by org.testng.reporters.JUnitReportReporter -->
<testsuite hostname="Dell-Inspiron-5570" failures="0" tests="2" name="udemy.HomePage" time="3.987" errors="0" timestamp="2019-11-20T21:17:04 CET" skipped="0">
  <testcase classname="udemy.HomePage" name="loginPageTest" time="1.936"/>
  <testcase classname="udemy.HomePage" name="loginPageTest" time="2.051"/>
</testsuite> <!-- udemy.HomePage -->
