<?xml version="1.0" encoding="UTF-8"?>
<!-- Generated by org.testng.reporters.JUnitReportReporter -->
<testsuite skipped="0" hostname="Dell-Inspiron-5570" name="udemy.ValidateTitle" tests="2" failures="0" timestamp="2019-12-19T14:08:20 CET" time="0.074" errors="0">
  <testcase name="validateTitleTest" time="0.032" classname="udemy.ValidateTitle"/>
  <testcase name="validateHeader" time="0.042" classname="udemy.ValidateTitle"/>
</testsuite> <!-- udemy.ValidateTitle -->
