<?xml version="1.0" encoding="UTF-8"?>
<!-- Generated by org.testng.reporters.JUnitReportReporter -->
<testsuite skipped="0" hostname="Dell-Inspiron-5570" name="udemy.ValidateNavBar" tests="1" failures="0" timestamp="2019-12-19T14:08:20 CET" time="0.080" errors="0">
  <testcase name="validateNavBarTest" time="0.080" classname="udemy.ValidateNavBar"/>
</testsuite> <!-- udemy.ValidateNavBar -->
