<?xml version="1.0" encoding="UTF-8"?>
<!-- Generated by org.testng.reporters.JUnitReportReporter -->
<testsuite skipped="0" hostname="Dell-Inspiron-5570" name="udemy.HomePage" tests="2" failures="0" timestamp="2019-12-19T14:08:20 CET" time="3.116" errors="0">
  <testcase name="loginPageTest" time="1.531" classname="udemy.HomePage"/>
  <testcase name="loginPageTest" time="1.585" classname="udemy.HomePage"/>
</testsuite> <!-- udemy.HomePage -->
